<?xml version="1.0" encoding="UTF-8"?>
<!-- Generated by org.testng.reporters.JUnitXMLReporter -->
<testsuite ignored="0" hostname="Yehia-pc" failures="0" tests="1" name="SwagLabs-Project" time="0.16" errors="0" timestamp="2023-09-18T20:54:25 EET">
  <testcase classname="testcases.TestBase" name="@BeforeTest setupChromeDriver" time="-1.69506326513E9">
    <failure type="org.testng.TestNGException" message="
Parameter &amp;apos;browser&amp;apos; is required by BeforeTest on method setupChromeDriver but has not been marked @Optional or defined
in C:\Users\Menna\AppData\Local\JetBrains\IdeaIC2021.3\temp-testng-customsuite.xml">
      <![CDATA[org.testng.TestNGException: 
Parameter 'browser' is required by BeforeTest on method setupChromeDriver but has not been marked @Optional or defined
in C:\Users\Menna\AppData\Local\JetBrains\IdeaIC2021.3\temp-testng-customsuite.xml
at com.intellij.rt.testng.IDEARemoteTestNG.run(IDEARemoteTestNG.java:66)
at com.intellij.rt.testng.RemoteTestNGStarter.main(RemoteTestNGStarter.java:109)
... Removed 18 stack frames]]>
    </failure>
  </testcase> <!-- @BeforeTest setupChromeDriver -->
  <testcase classname="testcases.TestBase" name="@AfterTest quite" time="0.0">
    <skipped/>
  </testcase> <!-- @AfterTest quite -->
  <testcase classname="testcases.TC02_CreateOrder" name="addAllItemsToCart" time="0.0">
    <skipped/>
  </testcase> <!-- addAllItemsToCart -->
</testsuite> <!-- SwagLabs-Project -->
